<?xml version="1.0" encoding="UTF-8"?>
<testsuite name="socketClient.WebSocketConfigurationClientTest" tests="1" skipped="0" failures="0" errors="0" timestamp="2020-11-08T19:22:36" hostname="DESKTOP-3JTUBQA" time="1.464">
  <properties/>
  <testcase name="testNotificationsOnUpdates()" classname="socketClient.WebSocketConfigurationClientTest" time="1.464"/>
  <system-out><![CDATA[21:22:36.192 [Test worker] DEBUG io.netty.util.internal.logging.InternalLoggerFactory - Using SLF4J as the default logging framework
21:22:36.211 [Test worker] DEBUG io.netty.util.internal.PlatformDependent - Platform: Windows
21:22:36.213 [Test worker] DEBUG io.netty.util.internal.PlatformDependent0 - -Dio.netty.noUnsafe: false
21:22:36.213 [Test worker] DEBUG io.netty.util.internal.PlatformDependent0 - Java version: 8
21:22:36.214 [Test worker] DEBUG io.netty.util.internal.PlatformDependent0 - sun.misc.Unsafe.theUnsafe: available
21:22:36.215 [Test worker] DEBUG io.netty.util.internal.PlatformDependent0 - sun.misc.Unsafe.copyMemory: available
21:22:36.216 [Test worker] DEBUG io.netty.util.internal.PlatformDependent0 - java.nio.Buffer.address: available
21:22:36.216 [Test worker] DEBUG io.netty.util.internal.PlatformDependent0 - direct buffer constructor: available
21:22:36.217 [Test worker] DEBUG io.netty.util.internal.PlatformDependent0 - java.nio.Bits.unaligned: available, true
21:22:36.217 [Test worker] DEBUG io.netty.util.internal.PlatformDependent0 - jdk.internal.misc.Unsafe.allocateUninitializedArray(int): unavailable prior to Java9
21:22:36.217 [Test worker] DEBUG io.netty.util.internal.PlatformDependent0 - java.nio.DirectByteBuffer.<init>(long, int): available
21:22:36.217 [Test worker] DEBUG io.netty.util.internal.PlatformDependent - sun.misc.Unsafe: available
21:22:36.218 [Test worker] DEBUG io.netty.util.internal.PlatformDependent - -Dio.netty.tmpdir: C:\Users\Valeri\AppData\Local\Temp (java.io.tmpdir)
21:22:36.218 [Test worker] DEBUG io.netty.util.internal.PlatformDependent - -Dio.netty.bitMode: 64 (sun.arch.data.model)
21:22:36.219 [Test worker] DEBUG io.netty.util.internal.PlatformDependent - -Dio.netty.maxDirectMemory: 477626368 bytes
21:22:36.219 [Test worker] DEBUG io.netty.util.internal.PlatformDependent - -Dio.netty.uninitializedArrayAllocationThreshold: -1
21:22:36.220 [Test worker] DEBUG io.netty.util.internal.CleanerJava6 - java.nio.ByteBuffer.cleaner(): available
21:22:36.220 [Test worker] DEBUG io.netty.util.internal.PlatformDependent - -Dio.netty.noPreferDirect: false
21:22:36.221 [Test worker] DEBUG io.netty.util.NetUtil - -Djava.net.preferIPv4Stack: false
21:22:36.222 [Test worker] DEBUG io.netty.util.NetUtil - -Djava.net.preferIPv6Addresses: false
21:22:36.398 [Test worker] DEBUG io.netty.util.NetUtil - Loopback interface: lo (Software Loopback Interface 1, 127.0.0.1)
21:22:36.399 [Test worker] DEBUG io.netty.util.NetUtil - Failed to get SOMAXCONN from sysctl and file \proc\sys\net\core\somaxconn. Default: 200
21:22:36.401 [Test worker] DEBUG reactor.util.Loggers$LoggerFactory - Using Slf4j logging framework
21:22:36.418 [Test worker] DEBUG reactor.netty.tcp.TcpResources - [http] resources will use the default LoopResources: DefaultLoopResources {prefix=reactor-http, daemon=true, selectCount=8, workerCount=8}
21:22:36.418 [Test worker] DEBUG reactor.netty.tcp.TcpResources - [http] resources will use the default ConnectionProvider: PooledConnectionProvider {name=http, poolFactory=reactor.netty.resources.ConnectionProvider$$Lambda$198/352881980@4dbfda56}
21:22:36.469 [Test worker] DEBUG reactor.netty.resources.DefaultLoopEpoll - Default Epoll support : false
21:22:36.469 [Test worker] DEBUG reactor.netty.resources.DefaultLoopKQueue - Default KQueue support : false
21:22:36.474 [Test worker] DEBUG io.netty.channel.MultithreadEventLoopGroup - -Dio.netty.eventLoopThreads: 16
21:22:36.489 [Test worker] DEBUG io.netty.util.internal.InternalThreadLocalMap - -Dio.netty.threadLocalMap.stringBuilder.initialSize: 1024
21:22:36.489 [Test worker] DEBUG io.netty.util.internal.InternalThreadLocalMap - -Dio.netty.threadLocalMap.stringBuilder.maxSize: 4096
21:22:36.494 [Test worker] DEBUG io.netty.channel.nio.NioEventLoop - -Dio.netty.noKeySetOptimization: false
21:22:36.494 [Test worker] DEBUG io.netty.channel.nio.NioEventLoop - -Dio.netty.selectorAutoRebuildThreshold: 512
21:22:36.503 [Test worker] DEBUG io.netty.util.internal.PlatformDependent - org.jctools-core.MpscChunkedArrayQueue: available
21:22:36.619 [Test worker] DEBUG org.springframework.web.reactive.socket.client.ReactorNettyWebSocketClient - Connecting to ws://localhost:8080/event/rgb
21:22:36.628 [Test worker] DEBUG reactor.netty.resources.PooledConnectionProvider - Creating new client pool [http] for localhost:8080
21:22:36.647 [Test worker] DEBUG io.netty.channel.DefaultChannelId - -Dio.netty.processId: 21432 (auto-detected)
21:22:36.842 [Test worker] DEBUG io.netty.channel.DefaultChannelId - -Dio.netty.machineId: f8:32:e4:ff:fe:bc:62:56 (auto-detected)
21:22:36.852 [Test worker] DEBUG io.netty.util.ResourceLeakDetector - -Dio.netty.leakDetection.level: simple
21:22:36.853 [Test worker] DEBUG io.netty.util.ResourceLeakDetector - -Dio.netty.leakDetection.targetRecords: 4
21:22:36.872 [Test worker] DEBUG io.netty.buffer.PooledByteBufAllocator - -Dio.netty.allocator.numHeapArenas: 4
21:22:36.872 [Test worker] DEBUG io.netty.buffer.PooledByteBufAllocator - -Dio.netty.allocator.numDirectArenas: 4
21:22:36.872 [Test worker] DEBUG io.netty.buffer.PooledByteBufAllocator - -Dio.netty.allocator.pageSize: 8192
21:22:36.872 [Test worker] DEBUG io.netty.buffer.PooledByteBufAllocator - -Dio.netty.allocator.maxOrder: 11
21:22:36.872 [Test worker] DEBUG io.netty.buffer.PooledByteBufAllocator - -Dio.netty.allocator.chunkSize: 16777216
21:22:36.872 [Test worker] DEBUG io.netty.buffer.PooledByteBufAllocator - -Dio.netty.allocator.tinyCacheSize: 512
21:22:36.872 [Test worker] DEBUG io.netty.buffer.PooledByteBufAllocator - -Dio.netty.allocator.smallCacheSize: 256
21:22:36.872 [Test worker] DEBUG io.netty.buffer.PooledByteBufAllocator - -Dio.netty.allocator.normalCacheSize: 64
21:22:36.872 [Test worker] DEBUG io.netty.buffer.PooledByteBufAllocator - -Dio.netty.allocator.maxCachedBufferCapacity: 32768
21:22:36.872 [Test worker] DEBUG io.netty.buffer.PooledByteBufAllocator - -Dio.netty.allocator.cacheTrimInterval: 8192
21:22:36.872 [Test worker] DEBUG io.netty.buffer.PooledByteBufAllocator - -Dio.netty.allocator.cacheTrimIntervalMillis: 0
21:22:36.872 [Test worker] DEBUG io.netty.buffer.PooledByteBufAllocator - -Dio.netty.allocator.useCacheForAllThreads: true
21:22:36.873 [Test worker] DEBUG io.netty.buffer.PooledByteBufAllocator - -Dio.netty.allocator.maxCachedByteBuffersPerChunk: 1023
21:22:36.879 [Test worker] DEBUG io.netty.buffer.ByteBufUtil - -Dio.netty.allocator.type: pooled
21:22:36.879 [Test worker] DEBUG io.netty.buffer.ByteBufUtil - -Dio.netty.threadLocalDirectBufferSize: 0
21:22:36.879 [Test worker] DEBUG io.netty.buffer.ByteBufUtil - -Dio.netty.maxThreadLocalCharBufferSize: 16384
21:22:36.890 [reactor-http-nio-4] DEBUG reactor.netty.resources.PooledConnectionProvider - [id: 0x288601b1] Created new pooled channel, now 0 active connections and 1 inactive connections
21:22:36.916 [reactor-http-nio-4] DEBUG io.netty.buffer.AbstractByteBuf - -Dio.netty.buffer.checkAccessible: true
21:22:36.916 [reactor-http-nio-4] DEBUG io.netty.buffer.AbstractByteBuf - -Dio.netty.buffer.checkBounds: true
21:22:36.922 [reactor-http-nio-4] DEBUG io.netty.util.ResourceLeakDetectorFactory - Loaded default ResourceLeakDetector: io.netty.util.ResourceLeakDetector@5169f7f9
21:22:36.928 [reactor-http-nio-4] DEBUG reactor.netty.channel.BootstrapHandlers - [id: 0x288601b1] Initialized pipeline DefaultChannelPipeline{(BootstrapHandlers$BootstrapInitializerHandler#0 = reactor.netty.channel.BootstrapHandlers$BootstrapInitializerHandler), (SimpleChannelPool$1#0 = io.netty.channel.pool.SimpleChannelPool$1), (reactor.left.httpCodec = io.netty.handler.codec.http.HttpClientCodec), (reactor.right.reactiveBridge = reactor.netty.channel.ChannelOperationsHandler)}
21:22:36.936 [reactor-http-nio-4] DEBUG reactor.netty.resources.PooledConnectionProvider - [id: 0x288601b1, L:/127.0.0.1:61819 - R:localhost/127.0.0.1:8080] onStateChange(PooledConnection{channel=[id: 0x288601b1, L:/127.0.0.1:61819 - R:localhost/127.0.0.1:8080]}, [connected])
21:22:36.946 [reactor-http-nio-4] DEBUG reactor.netty.resources.PooledConnectionProvider - [id: 0x288601b1, L:/127.0.0.1:61819 - R:localhost/127.0.0.1:8080] onStateChange(GET{uri=/, connection=PooledConnection{channel=[id: 0x288601b1, L:/127.0.0.1:61819 - R:localhost/127.0.0.1:8080]}}, [configured])
21:22:36.946 [reactor-http-nio-4] DEBUG reactor.netty.resources.PooledConnectionProvider - [id: 0x288601b1, L:/127.0.0.1:61819 - R:localhost/127.0.0.1:8080] Registering pool release on close event for channel
21:22:36.948 [reactor-http-nio-4] DEBUG reactor.netty.http.client.HttpClientConnect - [id: 0x288601b1, L:/127.0.0.1:61819 - R:localhost/127.0.0.1:8080] Handler is being applied: {uri=ws://localhost:8080/event/rgb, method=GET}
21:22:36.961 [reactor-http-nio-4] DEBUG reactor.netty.ReactorNetty - [id: 0x288601b1, L:/127.0.0.1:61819 - R:localhost/127.0.0.1:8080] Added encoder [reactor.left.httpAggregator] at the beginning of the user pipeline, full pipeline: [reactor.left.httpCodec, reactor.left.httpAggregator, reactor.right.reactiveBridge, DefaultChannelPipeline$TailContext#0]
21:22:36.972 [reactor-http-nio-4] DEBUG io.netty.handler.codec.http.websocketx.WebSocketClientHandshaker13 - WebSocket version 13 client handshake key: YdsO/GQX5nj7mQfv11Zesg==, expected response: bMKPRw4ei/8Do6F7PEMFFqYnq/Y=
21:22:36.979 [reactor-http-nio-4] DEBUG io.netty.util.Recycler - -Dio.netty.recycler.maxCapacityPerThread: 4096
21:22:36.979 [reactor-http-nio-4] DEBUG io.netty.util.Recycler - -Dio.netty.recycler.maxSharedCapacityFactor: 2
21:22:36.980 [reactor-http-nio-4] DEBUG io.netty.util.Recycler - -Dio.netty.recycler.linkCapacity: 16
21:22:36.980 [reactor-http-nio-4] DEBUG io.netty.util.Recycler - -Dio.netty.recycler.ratio: 8
21:22:36.991 [reactor-http-nio-4] DEBUG reactor.netty.resources.PooledConnectionProvider - [id: 0x288601b1, L:/127.0.0.1:61819 - R:localhost/127.0.0.1:8080] Channel connected, now 1 active connections and 0 inactive connections
21:22:37.002 [reactor-http-nio-4] DEBUG reactor.netty.resources.PooledConnectionProvider - [id: 0x288601b1, L:/127.0.0.1:61819 - R:localhost/127.0.0.1:8080] onStateChange(ws{uri=/event/rgb, connection=PooledConnection{channel=[id: 0x288601b1, L:/127.0.0.1:61819 - R:localhost/127.0.0.1:8080]}}, [response_received])
21:22:37.008 [reactor-http-nio-4] DEBUG org.springframework.web.reactive.socket.adapter.ReactorNettyWebSocketSession - [5c18e7ef] Session id "5c18e7ef" for ws://localhost:8080/event/rgb
21:22:37.008 [reactor-http-nio-4] DEBUG org.springframework.web.reactive.socket.client.ReactorNettyWebSocketClient - Started session '5c18e7ef' for ws://localhost:8080/event/rgb
21:22:37.012 [reactor-http-nio-4] DEBUG reactor.netty.ReactorNetty - [id: 0x288601b1, L:/127.0.0.1:61819 - R:localhost/127.0.0.1:8080] Added decoder [WebSocketFrameAggregator] at the end of the user pipeline, full pipeline: [reactor.left.httpCodec, ws-decoder, ws-encoder, WebSocketFrameAggregator, reactor.right.reactiveBridge, DefaultChannelPipeline$TailContext#0]
21:22:37.023 [reactor-http-nio-4] DEBUG io.netty.handler.codec.http.websocketx.WebSocket08FrameEncoder - Encoding WebSocket Frame opCode=1 length=8
21:22:37.025 [reactor-http-nio-4] DEBUG reactor.netty.channel.FluxReceive - [id: 0x288601b1, L:/127.0.0.1:61819 - R:localhost/127.0.0.1:8080] Subscribing inbound receiver [pending: 0, cancelled:false, inboundDone: false]
21:22:37.026 [reactor-http-nio-4] DEBUG io.netty.handler.codec.http.websocketx.WebSocket08FrameDecoder - Decoding WebSocket Frame opCode=1
21:22:37.027 [reactor-http-nio-4] DEBUG io.netty.handler.codec.http.websocketx.WebSocket08FrameDecoder - Decoding WebSocket Frame length=8
]]></system-out>
  <system-err><![CDATA[]]></system-err>
</testsuite>
